# JRE version: Java(TM) SE Runtime Environment (8.0_111-b14) (build 1.8.0_111-b14)
# Java VM: Java HotSpot(TM) Client VM (25.111-b14 mixed mode windows-x86 )
Heap:
 def new generation   total 157248K, used 157247K [0x10200000, 0x1aca0000, 0x1aca0000)
  eden space 139776K,  99% used [0x10200000, 0x18a7fff8, 0x18a80000)
  from space 17472K,  99% used [0x18a80000, 0x19b8fff8, 0x19b90000)
  to   space 17472K,   0% used [0x19b90000, 0x19b90000, 0x1aca0000)
 tenured generation   total 349568K, used 349567K [0x1aca0000, 0x30200000, 0x30200000)
   the space 349568K,  99% used [0x1aca0000, 0x301ffff0, 0x30200000, 0x30200000)
 Metaspace       used 19784K, capacity 20270K, committed 20480K, reserved 20864K
GC Heap History (10 events):
Event: 175850.293 GC heap before
{Heap before GC invocations=1606 (full 73):
 def new generation   total 157248K, used 157247K [0x10200000, 0x1aca0000, 0x1aca0000)
  eden space 139776K, 100% used [0x10200000, 0x18a80000, 0x18a80000)
  from space 17472K,  99% used [0x18a80000, 0x19b8fff8, 0x19b90000)
  to   space 17472K,   0% used [0x19b90000, 0x19b90000, 0x1aca0000)
 tenured generation   total 349568K, used 349568K [0x1aca0000, 0x30200000, 0x30200000)
   the space 349568K, 100% used [0x1aca0000, 0x30200000, 0x30200000, 0x30200000)
 Metaspace       used 19784K, capacity 20270K, committed 20480K, reserved 20864K
Event: 175850.767 GC heap after
Heap after GC invocations=1607 (full 74):
 def new generation   total 157248K, used 157247K [0x10200000, 0x1aca0000, 0x1aca0000)
  eden space 139776K, 100% used [0x10200000, 0x18a80000, 0x18a80000)
  from space 17472K,  99% used [0x18a80000, 0x19b8fff8, 0x19b90000)
  to   space 17472K,   0% used [0x19b90000, 0x19b90000, 0x1aca0000)
 tenured generation   total 349568K, used 349568K [0x1aca0000, 0x30200000, 0x30200000)
   the space 349568K, 100% used [0x1aca0000, 0x30200000, 0x30200000, 0x30200000)
 Metaspace       used 19784K, capacity 20270K, committed 20480K, reserved 20864K
}
Event: 175850.767 GC heap before
{Heap before GC invocations=1607 (full 74):
 def new generation   total 157248K, used 157247K [0x10200000, 0x1aca0000, 0x1aca0000)
  eden space 139776K, 100% used [0x10200000, 0x18a80000, 0x18a80000)
  from space 17472K,  99% used [0x18a80000, 0x19b8fff8, 0x19b90000)
  to   space 17472K,   0% used [0x19b90000, 0x19b90000, 0x1aca0000)
 tenured generation   total 349568K, used 349568K [0x1aca0000, 0x30200000, 0x30200000)
   the space 349568K, 100% used [0x1aca0000, 0x30200000, 0x30200000, 0x30200000)
 Metaspace       used 19784K, capacity 20270K, committed 20480K, reserved 20864K
Event: 175851.235 GC heap after
Heap after GC invocations=1608 (full 75):
 def new generation   total 157248K, used 157247K [0x10200000, 0x1aca0000, 0x1aca0000)
  eden space 139776K, 100% used [0x10200000, 0x18a80000, 0x18a80000)
  from space 17472K,  99% used [0x18a80000, 0x19b8fff8, 0x19b90000)
  to   space 17472K,   0% used [0x19b90000, 0x19b90000, 0x1aca0000)
 tenured generation   total 349568K, used 349568K [0x1aca0000, 0x30200000, 0x30200000)
   the space 349568K, 100% used [0x1aca0000, 0x30200000, 0x30200000, 0x30200000)
 Metaspace       used 19784K, capacity 20270K, committed 20480K, reserved 20864K
}
Event: 175851.236 GC heap before
{Heap before GC invocations=1608 (full 75):
 def new generation   total 157248K, used 157247K [0x10200000, 0x1aca0000, 0x1aca0000)
  eden space 139776K, 100% used [0x10200000, 0x18a80000, 0x18a80000)
  from space 17472K,  99% used [0x18a80000, 0x19b8fff8, 0x19b90000)
  to   space 17472K,   0% used [0x19b90000, 0x19b90000, 0x1aca0000)
 tenured generation   total 349568K, used 349568K [0x1aca0000, 0x30200000, 0x30200000)
   the space 349568K, 100% used [0x1aca0000, 0x30200000, 0x30200000, 0x30200000)
 Metaspace       used 19784K, capacity 20270K, committed 20480K, reserved 20864K
Event: 175851.702 GC heap after
Heap after GC invocations=1609 (full 76):
 def new generation   total 157248K, used 157245K [0x10200000, 0x1aca0000, 0x1aca0000)
  eden space 139776K, 100% used [0x10200000, 0x18a80000, 0x18a80000)
  from space 17472K,  99% used [0x18a80000, 0x19b8f7e0, 0x19b90000)
  to   space 17472K,   0% used [0x19b90000, 0x19b90000, 0x1aca0000)
 tenured generation   total 349568K, used 349567K [0x1aca0000, 0x30200000, 0x30200000)
   the space 349568K,  99% used [0x1aca0000, 0x301fffc0, 0x30200000, 0x30200000)
 Metaspace       used 19784K, capacity 20270K, committed 20480K, reserved 20864K
}
Event: 175851.702 GC heap before
{Heap before GC invocations=1609 (full 76):
 def new generation   total 157248K, used 157247K [0x10200000, 0x1aca0000, 0x1aca0000)
  eden space 139776K, 100% used [0x10200000, 0x18a80000, 0x18a80000)
  from space 17472K,  99% used [0x18a80000, 0x19b8fd80, 0x19b90000)
  to   space 17472K,   0% used [0x19b90000, 0x19b90000, 0x1aca0000)
 tenured generation   total 349568K, used 349567K [0x1aca0000, 0x30200000, 0x30200000)
   the space 349568K,  99% used [0x1aca0000, 0x301fffc0, 0x30200000, 0x30200000)
 Metaspace       used 19784K, capacity 20270K, committed 20480K, reserved 20864K
Event: 175852.170 GC heap after
Heap after GC invocations=1610 (full 77):
 def new generation   total 157248K, used 157246K [0x10200000, 0x1aca0000, 0x1aca0000)
  eden space 139776K,  99% used [0x10200000, 0x18a7ffb8, 0x18a80000)
  from space 17472K,  99% used [0x18a80000, 0x19b8fad8, 0x19b90000)
  to   space 17472K,   0% used [0x19b90000, 0x19b90000, 0x1aca0000)
 tenured generation   total 349568K, used 349567K [0x1aca0000, 0x30200000, 0x30200000)
   the space 349568K,  99% used [0x1aca0000, 0x301fffc0, 0x30200000, 0x30200000)
 Metaspace       used 19784K, capacity 20270K, committed 20480K, reserved 20864K
}
Event: 175852.170 GC heap before
{Heap before GC invocations=1610 (full 77):
 def new generation   total 157248K, used 157246K [0x10200000, 0x1aca0000, 0x1aca0000)
  eden space 139776K,  99% used [0x10200000, 0x18a7ffb8, 0x18a80000)
  from space 17472K,  99% used [0x18a80000, 0x19b8fad8, 0x19b90000)
  to   space 17472K,   0% used [0x19b90000, 0x19b90000, 0x1aca0000)
 tenured generation   total 349568K, used 349567K [0x1aca0000, 0x30200000, 0x30200000)
   the space 349568K,  99% used [0x1aca0000, 0x301fffc0, 0x30200000, 0x30200000)
 Metaspace       used 19784K, capacity 20270K, committed 20480K, reserved 20864K
Event: 175852.716 GC heap after
Heap after GC invocations=1611 (full 78):
 def new generation   total 157248K, used 157246K [0x10200000, 0x1aca0000, 0x1aca0000)
  eden space 139776K,  99% used [0x10200000, 0x18a7ffb8, 0x18a80000)
  from space 17472K,  99% used [0x18a80000, 0x19b8fa48, 0x19b90000)
  to   space 17472K,   0% used [0x19b90000, 0x19b90000, 0x1aca0000)
 tenured generation   total 349568K, used 349567K [0x1aca0000, 0x30200000, 0x30200000)
   the space 349568K,  99% used [0x1aca0000, 0x301fff80, 0x30200000, 0x30200000)
 Metaspace       used 19784K, capacity 20270K, committed 20480K, reserved 20864K
}

